{
  "stats": {
    "suites": 2,
    "tests": 2,
    "passes": 2,
    "pending": 0,
    "failures": 0,
    "start": "2018-07-16T09:55:24.377Z",
    "end": "2018-07-16T09:55:56.510Z",
    "duration": 32133,
    "testsRegistered": 2,
    "passPercent": 100,
    "pendingPercent": 0,
    "other": 0,
    "hasOther": false,
    "skipped": 0,
    "hasSkipped": false,
    "passPercentClass": "success",
    "pendingPercentClass": "danger"
  },
  "suites": {
    "uuid": "714eee53-def8-4613-b1f4-ce2bc8e03057",
    "title": "",
    "fullFile": "",
    "file": "",
    "beforeHooks": [],
    "afterHooks": [],
    "tests": [],
    "suites": [
      {
        "uuid": "bca787b9-a7f7-4d07-a5eb-fe8ac0843e7e",
        "title": "Mocha Example Tests",
        "fullFile": "C:\\Users\\Tom\\Documents\\Visual Code Projects\\SimpleWebDriver\\test\\simpleTestChaiMocha.js",
        "file": "\\test\\simpleTestChaiMocha.js",
        "beforeHooks": [
          {
            "title": "\"before each\" hook",
            "fullTitle": "Mocha Example Tests \"before each\" hook",
            "timedOut": false,
            "duration": 2586,
            "pass": false,
            "fail": false,
            "pending": false,
            "code": "driver = await new Builder()\n    .forBrowser('chrome')\n    .build();\n//await driver.manage().timeouts().implicitlyWait(5000); // This throws an error for some reason\nawait driver.manage().setTimeouts({ implicit: TIMEOUT, pageLoad: TIMEOUT, script: TIMEOUT });",
            "err": {},
            "isRoot": false,
            "uuid": "671483b7-5147-42be-ac7c-34677d63e446",
            "isHook": true,
            "skipped": false
          }
        ],
        "afterHooks": [
          {
            "title": "\"after each\" hook",
            "fullTitle": "Mocha Example Tests \"after each\" hook",
            "timedOut": false,
            "duration": 670,
            "pass": false,
            "fail": false,
            "pending": false,
            "code": "await driver.quit();",
            "err": {},
            "isRoot": false,
            "uuid": "a902098a-963b-4a8b-8b0c-ff25c406f15b",
            "isHook": true,
            "skipped": false
          }
        ],
        "tests": [
          {
            "title": "adds an item to basket",
            "fullTitle": "Mocha Example Tests adds an item to basket",
            "timedOut": false,
            "duration": 13839,
            "state": "passed",
            "speed": "slow",
            "pass": true,
            "fail": false,
            "pending": false,
            "context": "\"This is some output from mochawesome addContext!\"",
            "code": "addContext(this, 'This is some output from mochawesome addContext!');\nawait driver.get('https://www.edgewordstraining.co.uk/demo-site/');\nawait lib.waitForVisible(driver, By.id('woocommerce-product-search-field-0'), 10000);\n/*\nawait driver.findElement(By.id('woocommerce-product-search-field-0')).click();\nawait driver.findElement(By.id('woocommerce-product-search-field-0')).clear();\nawait driver.findElement(By.id('woocommerce-product-search-field-0')).sendKeys('cap', Key.RETURN);\n*/\nawait lib.sendKeys(driver, By.id('woocommerce-product-search-field-0'), 'cap' + Key.RETURN);\nawait driver.findElement(By.name('add-to-cart')).click();\nawait driver.findElement(By.linkText('Cart')).click();\n// check cap is in the cart\nassert.isTrue(await driver.findElement(By.linkText('Cap')).isDisplayed(), 'Cap was not in cart!');\nawait driver.findElement(By.linkText('×')).click();\n// synchronisation\nconst element = await driver.wait(until.elementLocated(By.xpath('//*[@id=\"post-5\"]/div/div[2]/p[2]/a')), 15000, 'Element did not appear after waiting for 15s');\nawait driver.findElement(By.linkText('Return to shop')).click();\nawait driver.findElement(By.linkText('Home')).click();\nconst title = await driver.getTitle();\nassert.equal(title, 'Edgewords Shop – e-commerce demo site for Training', 'Title should match expected value!');",
            "err": {},
            "isRoot": false,
            "uuid": "7950c5f6-8c0a-4ce5-b1c1-1a6f0f838773",
            "isHook": false,
            "skipped": false
          }
        ],
        "suites": [],
        "passes": [
          "7950c5f6-8c0a-4ce5-b1c1-1a6f0f838773"
        ],
        "failures": [],
        "pending": [],
        "skipped": [],
        "duration": 13839,
        "root": false,
        "rootEmpty": false,
        "_timeout": 0
      },
      {
        "uuid": "513ef0f7-2d34-4c92-8f23-6614ff499345",
        "title": "Mocha Example POM",
        "fullFile": "C:\\Users\\Tom\\Documents\\Visual Code Projects\\SimpleWebDriver\\test\\TestPOM.js",
        "file": "\\test\\TestPOM.js",
        "beforeHooks": [
          {
            "title": "\"before each\" hook",
            "fullTitle": "Mocha Example POM \"before each\" hook",
            "timedOut": false,
            "duration": 2227,
            "pass": false,
            "fail": false,
            "pending": false,
            "code": "driver = await new Builder()\n    .forBrowser('chrome')\n    .build();\n//await driver.manage().timeouts().implicitlyWait(5000); // This throws an error for some reason\nawait driver.manage().setTimeouts({ implicit: 10000, pageLoad: 60000, script: 10000 });",
            "err": {},
            "isRoot": false,
            "uuid": "b978326d-3552-4355-9908-c2ddca997f7c",
            "isHook": true,
            "skipped": false
          }
        ],
        "afterHooks": [
          {
            "title": "\"after each\" hook",
            "fullTitle": "Mocha Example POM \"after each\" hook",
            "timedOut": false,
            "duration": 262,
            "pass": false,
            "fail": false,
            "pending": false,
            "code": "await driver.quit();",
            "err": {},
            "isRoot": false,
            "uuid": "368326f6-e45b-4336-9f23-00c7cb6bdbf2",
            "isHook": true,
            "skipped": false
          }
        ],
        "tests": [
          {
            "title": "POM adds an item to basket",
            "fullTitle": "Mocha Example POM POM adds an item to basket",
            "timedOut": false,
            "duration": 12542,
            "state": "passed",
            "speed": "slow",
            "pass": true,
            "fail": false,
            "pending": false,
            "context": "\"This is some output from mochawesome addContext!\"",
            "code": "addContext(this, 'This is some output from mochawesome addContext!');\nawait driver.get('https://www.edgewordstraining.co.uk/demo-site/');\n// call my function lib:\nawait lib.waitForVisible(driver, By.id('woocommerce-product-search-field-0'), 10000);\n// call my POM:\nawait homePage.searchProduct(driver,'cap');\n//await lib.sendKeys(driver,homePage.searchField,'cap' + Key.RETURN);\n\nawait driver.findElement(By.name('add-to-cart')).click();\nawait driver.findElement(By.linkText('Cart')).click();\n// check cap is in the cart\nassert.isTrue(await driver.findElement(By.linkText('Cap')).isDisplayed(), 'Cap was not in cart!');\nawait driver.findElement(By.linkText('×')).click();\n// synchronisation\nconst element = await driver.wait(until.elementLocated(By.xpath('//*[@id=\"post-5\"]/div/div[2]/p[2]/a')), 15000, 'Element did not appear after waiting for 15s');\nawait driver.findElement(By.linkText('Return to shop')).click();\nawait driver.findElement(By.linkText('Home')).click();\nconst title = await driver.getTitle();\nassert.equal(title, 'Edgewords Shop – e-commerce demo site for Training', 'Title should match expected value!');",
            "err": {},
            "isRoot": false,
            "uuid": "43041c02-3944-41bf-8f2e-c10c604382ef",
            "isHook": false,
            "skipped": false
          }
        ],
        "suites": [],
        "passes": [
          "43041c02-3944-41bf-8f2e-c10c604382ef"
        ],
        "failures": [],
        "pending": [],
        "skipped": [],
        "duration": 12542,
        "root": false,
        "rootEmpty": false,
        "_timeout": 0
      }
    ],
    "passes": [],
    "failures": [],
    "pending": [],
    "skipped": [],
    "duration": 0,
    "root": true,
    "rootEmpty": true,
    "_timeout": 0
  },
  "copyrightYear": 2018
}